0 info it worked if it ends with ok
1 verbose cli [ '/Users/bradparker/.node/bin/node',
1 verbose cli   '/Users/bradparker/.node/bin/npm',
1 verbose cli   'run',
1 verbose cli   'dev' ]
2 info using npm@3.3.12
3 info using node@v5.2.0
4 verbose run-script [ 'predev', 'dev', 'postdev' ]
5 info lifecycle boiler-room@1.0.0~predev: boiler-room@1.0.0
6 silly lifecycle boiler-room@1.0.0~predev: no script for predev, continuing
7 info lifecycle boiler-room@1.0.0~dev: boiler-room@1.0.0
8 verbose lifecycle boiler-room@1.0.0~dev: unsafe-perm in lifecycle true
9 verbose lifecycle boiler-room@1.0.0~dev: PATH: /Users/bradparker/.node/lib/node_modules/npm/bin/node-gyp-bin:/Users/bradparker/code/boiler-room/node_modules/.bin:/Users/bradparker/.oh-my-zsh/custom/plugins/rbates/bin:/Users/bradparker/.rbenv/shims:/Users/bradparker/code/plain-utils/bin:/usr/local/opt/coreutils/libexec/gnubin:/Users/bradparker/.node/bin:/Users/bradparker/.rbenv/bin:/usr/local/bin:/usr/local/sbin:/usr/local/bin:/usr/bin:/bin:/usr/sbin:/sbin:/opt/X11/bin:/Applications/Postgres.app/Contents/Versions/9.3/bin
10 verbose lifecycle boiler-room@1.0.0~dev: CWD: /Users/bradparker/code/boiler-room
11 silly lifecycle boiler-room@1.0.0~dev: Args: [ '-c', 'gulp dev' ]
12 silly lifecycle boiler-room@1.0.0~dev: Returned: code: 1  signal: null
13 info lifecycle boiler-room@1.0.0~dev: Failed to exec dev script
14 verbose stack Error: boiler-room@1.0.0 dev: `gulp dev`
14 verbose stack Exit status 1
14 verbose stack     at EventEmitter.<anonymous> (/Users/bradparker/.node/lib/node_modules/npm/lib/utils/lifecycle.js:232:16)
14 verbose stack     at emitTwo (events.js:88:13)
14 verbose stack     at EventEmitter.emit (events.js:173:7)
14 verbose stack     at ChildProcess.<anonymous> (/Users/bradparker/.node/lib/node_modules/npm/lib/utils/spawn.js:24:14)
14 verbose stack     at emitTwo (events.js:88:13)
14 verbose stack     at ChildProcess.emit (events.js:173:7)
14 verbose stack     at maybeClose (internal/child_process.js:819:16)
14 verbose stack     at Process.ChildProcess._handle.onexit (internal/child_process.js:212:5)
15 verbose pkgid boiler-room@1.0.0
16 verbose cwd /Users/bradparker/code/boiler-room
17 error Darwin 14.5.0
18 error argv "/Users/bradparker/.node/bin/node" "/Users/bradparker/.node/bin/npm" "run" "dev"
19 error node v5.2.0
20 error npm  v3.3.12
21 error code ELIFECYCLE
22 error boiler-room@1.0.0 dev: `gulp dev`
22 error Exit status 1
23 error Failed at the boiler-room@1.0.0 dev script 'gulp dev'.
23 error Make sure you have the latest version of node.js and npm installed.
23 error If you do, this is most likely a problem with the boiler-room package,
23 error not with npm itself.
23 error Tell the author that this fails on your system:
23 error     gulp dev
23 error You can get their info via:
23 error     npm owner ls boiler-room
23 error There is likely additional logging output above.
24 verbose exit [ 1, true ]
